2025-11-11 17:32:29,139 | INFO | Logging to logs\run_20251111_173229.log
2025-11-11 17:32:29,144 | INFO | Loaded config from C:/Users/seera/AWS/src/catalog_sync/config/config_dev.yaml
2025-11-11 17:32:29,429 | INFO | Found credentials in shared credentials file: ~/.aws/credentials
2025-11-11 17:32:29,888 | INFO | Using role from config: arn:aws:iam::980805786648:role/GlueFullAccessRole
2025-11-11 17:32:29,888 | INFO | Listing CSV files under s3://catalog-learning-project/source_zone/
2025-11-11 17:32:31,319 | INFO | ==== Processing file: s3://catalog-learning-project/source_zone/customers.csv → table 'customers' ====
2025-11-11 17:32:31,327 | INFO | Streaming head from s3://catalog-learning-project/source_zone/customers.csv (~256KB)
2025-11-11 17:32:31,526 | INFO | Inferred columns: [{'Name': 'customer_id', 'Type': 'string'}, {'Name': 'first_name', 'Type': 'string'}, {'Name': 'last_name', 'Type': 'string'}, {'Name': 'email', 'Type': 'string'}]
2025-11-11 17:32:32,702 | INFO | Landing table exists: landing_db.customers (skipping create)
2025-11-11 17:32:33,134 | INFO | Uploaded Glue job script to s3://catalog-learning-project/scripts/customers_fdp_writer.py
2025-11-11 17:32:33,371 | INFO | Glue job 'fdp_writer_customers' exists; skipping creation.
2025-11-11 17:32:33,774 | INFO | 🚀 Started Glue job: fdp_writer_customers | RunId: jr_2597f1636088f3d71a31a9fb28c8ca0f90db3f9a1237e62501fe6075d24a66a4
2025-11-11 17:32:34,020 | INFO | [fdp_writer_customers] Status: RUNNING
2025-11-11 17:32:44,256 | INFO | [fdp_writer_customers] Status: RUNNING
2025-11-11 17:32:54,521 | INFO | [fdp_writer_customers] Status: RUNNING
2025-11-11 17:33:04,811 | INFO | [fdp_writer_customers] Status: RUNNING
2025-11-11 17:33:15,072 | INFO | [fdp_writer_customers] Status: RUNNING
2025-11-11 17:33:25,326 | INFO | [fdp_writer_customers] Status: RUNNING
2025-11-11 17:33:35,614 | INFO | [fdp_writer_customers] Status: RUNNING
2025-11-11 17:33:45,935 | INFO | [fdp_writer_customers] Status: SUCCEEDED
2025-11-11 17:33:45,935 | INFO | ======== SUMMARY ========
2025-11-11 17:33:45,935 | INFO | customers: SUCCEEDED
